=== JOB START ===
dkucc-core-gpu-dkurc-a-it08-22.rc.duke.edu
Thu Mar  5 09:13:08 PM EST 2026
CUDA_VISIBLE_DEVICES=0
PWD=/dkucc/home/bd159/terrainflood
=== PIPELINE AUDIT ===
============================================================
  TerrainFlood-UQ  вЂ”  Pipeline Audit
  data_root = data/sen1floods11
============================================================

в”Ђв”Ђв”Ђв”Ђв”Ђв”Ђв”Ђв”Ђв”Ђв”Ђв”Ђв”Ђв”Ђв”Ђв”Ђв”Ђв”Ђв”Ђв”Ђв”Ђв”Ђв”Ђв”Ђв”Ђв”Ђв”Ђв”Ђв”Ђв”Ђв”Ђв”Ђв”Ђв”Ђв”Ђв”Ђв”Ђв”Ђв”Ђв”Ђв”Ђв”Ђв”Ђв”Ђв”Ђв”Ђв”Ђв”Ђв”Ђв”Ђв”Ђв”Ђв”Ђв”Ђв”Ђв”Ђв”Ђв”Ђв”Ђв”Ђв”Ђ
  A. Dataset Discovery
в”Ђв”Ђв”Ђв”Ђв”Ђв”Ђв”Ђв”Ђв”Ђв”Ђв”Ђв”Ђв”Ђв”Ђв”Ђв”Ђв”Ђв”Ђв”Ђв”Ђв”Ђв”Ђв”Ђв”Ђв”Ђв”Ђв”Ђв”Ђв”Ђв”Ђв”Ђв”Ђв”Ђв”Ђв”Ђв”Ђв”Ђв”Ђв”Ђв”Ђв”Ђв”Ђв”Ђв”Ђв”Ђв”Ђв”Ђв”Ђв”Ђв”Ђв”Ђв”Ђв”Ђв”Ђв”Ђв”Ђв”Ђв”Ђв”Ђв”Ђ
[FloodDataset] Loaded norm stats from data/sen1floods11/norm_stats.json
[FloodDataset] split=train chips=364 flood_ratio=0.066 pos_weight=14.18
  [[32mPASS[0m] train   364 chips
         OK  event=Ghana            chip=Ghana_103272
         OK  event=Ghana            chip=Ghana_1033830
         OK  event=Ghana            chip=Ghana_1078550
[FloodDataset] Loaded norm stats from data/sen1floods11/norm_stats.json
[FloodDataset] split=val chips=67 flood_ratio=0.086 pos_weight=10.61
  [[32mPASS[0m] val      67 chips
         OK  event=Paraguay         chip=Paraguay_1019808
         OK  event=Paraguay         chip=Paraguay_1029042
         OK  event=Paraguay         chip=Paraguay_1029191
[FloodDataset] Loaded norm stats from data/sen1floods11/norm_stats.json
[FloodDataset] split=test chips=15 flood_ratio=0.159 pos_weight=5.30
  [[32mPASS[0m] test     15 chips
         OK  event=Bolivia          chip=Bolivia_103757
         OK  event=Bolivia          chip=Bolivia_129334
         OK  event=Bolivia          chip=Bolivia_195474
  [[32mPASS[0m] Total chips: 446

в”Ђв”Ђв”Ђв”Ђв”Ђв”Ђв”Ђв”Ђв”Ђв”Ђв”Ђв”Ђв”Ђв”Ђв”Ђв”Ђв”Ђв”Ђв”Ђв”Ђв”Ђв”Ђв”Ђв”Ђв”Ђв”Ђв”Ђв”Ђв”Ђв”Ђв”Ђв”Ђв”Ђв”Ђв”Ђв”Ђв”Ђв”Ђв”Ђв”Ђв”Ђв”Ђв”Ђв”Ђв”Ђв”Ђв”Ђв”Ђв”Ђв”Ђв”Ђв”Ђв”Ђв”Ђв”Ђв”Ђв”Ђв”Ђв”Ђв”Ђ
  B. Split Mapping
в”Ђв”Ђв”Ђв”Ђв”Ђв”Ђв”Ђв”Ђв”Ђв”Ђв”Ђв”Ђв”Ђв”Ђв”Ђв”Ђв”Ђв”Ђв”Ђв”Ђв”Ђв”Ђв”Ђв”Ђв”Ђв”Ђв”Ђв”Ђв”Ђв”Ђв”Ђв”Ђв”Ђв”Ђв”Ђв”Ђв”Ђв”Ђв”Ђв”Ђв”Ђв”Ђв”Ђв”Ђв”Ђв”Ђв”Ђв”Ђв”Ђв”Ђв”Ђв”Ђв”Ђв”Ђв”Ђв”Ђв”Ђв”Ђв”Ђв”Ђ

  Events in dataset: {'USA': 69, 'India': 68, 'Paraguay': 67, 'Ghana': 53, 'Sri-Lanka': 42, 'Spain': 30, 'Mekong': 30, 'Pakistan': 28, 'Somalia': 26, 'Nigeria': 18, 'Bolivia': 15}
  Events in SPLIT_MAP: ['Bolivia', 'Cambodia', 'Canada', 'DemRepCongo', 'Ecuador', 'Ghana', 'India', 'Mekong', 'Nigeria', 'Pakistan', 'Paraguay', 'Somalia', 'Spain', 'Sri-Lanka', 'USA']

  [[32mPASS[0m] All disk events are in SPLIT_MAP
[FloodDataset] Loaded norm stats from data/sen1floods11/norm_stats.json
[FloodDataset] split=train chips=364 flood_ratio=0.066 pos_weight=14.18
[FloodDataset] Loaded norm stats from data/sen1floods11/norm_stats.json
[FloodDataset] split=val chips=67 flood_ratio=0.086 pos_weight=10.61
[FloodDataset] Loaded norm stats from data/sen1floods11/norm_stats.json
[FloodDataset] split=test chips=15 flood_ratio=0.159 pos_weight=5.30
  [[32mPASS[0m] train в€© val = в€…  (no leakage)
  [[32mPASS[0m] train в€© test = в€…  (no leakage)
  [[32mPASS[0m] val в€© test = в€…  (no leakage)
  [[32mPASS[0m] Bolivia NOT in train
  [[32mPASS[0m] Bolivia NOT in val
  [[32mPASS[0m] Bolivia in test: 15 chips

  train (364 chips): {'USA': 69, 'India': 68, 'Ghana': 53, 'Sri-Lanka': 42, 'Mekong': 30, 'Spain': 30, 'Pakistan': 28, 'Somalia': 26, 'Nigeria': 18}

  val (67 chips): {'Paraguay': 67}

  test (15 chips): {'Bolivia': 15}

в”Ђв”Ђв”Ђв”Ђв”Ђв”Ђв”Ђв”Ђв”Ђв”Ђв”Ђв”Ђв”Ђв”Ђв”Ђв”Ђв”Ђв”Ђв”Ђв”Ђв”Ђв”Ђв”Ђв”Ђв”Ђв”Ђв”Ђв”Ђв”Ђв”Ђв”Ђв”Ђв”Ђв”Ђв”Ђв”Ђв”Ђв”Ђв”Ђв”Ђв”Ђв”Ђв”Ђв”Ђв”Ђв”Ђв”Ђв”Ђв”Ђв”Ђв”Ђв”Ђв”Ђв”Ђв”Ђв”Ђв”Ђв”Ђв”Ђв”Ђ
  C. Label Distribution
в”Ђв”Ђв”Ђв”Ђв”Ђв”Ђв”Ђв”Ђв”Ђв”Ђв”Ђв”Ђв”Ђв”Ђв”Ђв”Ђв”Ђв”Ђв”Ђв”Ђв”Ђв”Ђв”Ђв”Ђв”Ђв”Ђв”Ђв”Ђв”Ђв”Ђв”Ђв”Ђв”Ђв”Ђв”Ђв”Ђв”Ђв”Ђв”Ђв”Ђв”Ђв”Ђв”Ђв”Ђв”Ђв”Ђв”Ђв”Ђв”Ђв”Ђв”Ђв”Ђв”Ђв”Ђв”Ђв”Ђв”Ђв”Ђв”Ђв”Ђ
[FloodDataset] Loaded norm stats from data/sen1floods11/norm_stats.json
[FloodDataset] split=train chips=364 flood_ratio=0.066 pos_weight=14.18

  Sample: 100 chips from train split
  Total valid pixels    : 19,478,962
  Flood pixels (label=1): 1,779,125  (9.13%)
  Ignore pixels (=-1)   : 6,735,438  (25.69%)
  Perm. water (label=2) : 0
  Chips with any flood  : 72/100
  [[32mPASS[0m] Flood pixel ratio = 0.0913  (72/100 chips contain flood)
  [[32mPASS[0m] Ignore pixel ratio = 0.2569  (reasonable)

  Checking unique label values (first 100 chips)...
  [[32mPASS[0m] Label values present: [-1, 0, 1]

в”Ђв”Ђв”Ђв”Ђв”Ђв”Ђв”Ђв”Ђв”Ђв”Ђв”Ђв”Ђв”Ђв”Ђв”Ђв”Ђв”Ђв”Ђв”Ђв”Ђв”Ђв”Ђв”Ђв”Ђв”Ђв”Ђв”Ђв”Ђв”Ђв”Ђв”Ђв”Ђв”Ђв”Ђв”Ђв”Ђв”Ђв”Ђв”Ђв”Ђв”Ђв”Ђв”Ђв”Ђв”Ђв”Ђв”Ђв”Ђв”Ђв”Ђв”Ђв”Ђв”Ђв”Ђв”Ђв”Ђв”Ђв”Ђв”Ђв”Ђ
  D. IoU Function Unit Tests
в”Ђв”Ђв”Ђв”Ђв”Ђв”Ђв”Ђв”Ђв”Ђв”Ђв”Ђв”Ђв”Ђв”Ђв”Ђв”Ђв”Ђв”Ђв”Ђв”Ђв”Ђв”Ђв”Ђв”Ђв”Ђв”Ђв”Ђв”Ђв”Ђв”Ђв”Ђв”Ђв”Ђв”Ђв”Ђв”Ђв”Ђв”Ђв”Ђв”Ђв”Ђв”Ђв”Ђв”Ђв”Ђв”Ђв”Ђв”Ђв”Ђв”Ђв”Ђв”Ђв”Ђв”Ђв”Ђв”Ђв”Ђв”Ђв”Ђв”Ђ
  [[32mPASS[0m] Perfect prediction IoU = 1.0000  (expected 1.0)
  [[32mPASS[0m] All-zero prediction IoU = 0.0000  (expected 0.0)
  [[32mPASS[0m] Ignore mask IoU = 0.5000  (expected 0.5000)
  [[32mPASS[0m] All-ignore labels IoU = 0.0000  (no crash, returns 0)

  [Skipped] E. Validation loop (--skip_val_loop)

  [Skipped] F. Sampler check (--skip_sampler)

============================================================
  AUDIT PASSED  вЂ”  all checks OK
============================================================
=== AUDIT PASSED вЂ” STARTING TRAINING ===

============================================================
  TerrainFlood-UQ  |  Variant D  |  cuda
============================================================
  Output  : checkpoints/variant_D
  Data    : data/sen1floods11
{
  "variant": "D",
  "lr": 0.0001,
  "weight_decay": 0.0001,
  "epochs": 50,
  "batch_size": 8,
  "patch_size": 256,
  "loss_alpha": 0.5,
  "pos_weight": 10.0,
  "grad_clip": 1.0,
  "early_stopping_patience": 10,
  "seed": 42,
  "data_root": "data/sen1floods11"
}
============================================================

[FloodDataset] Loaded norm stats from data/sen1floods11/norm_stats.json
[FloodDataset] split=train chips=364 flood_ratio=0.066 pos_weight=14.18
[FloodDataset] Loaded norm stats from data/sen1floods11/norm_stats.json
[FloodDataset] split=val chips=67 flood_ratio=0.086 pos_weight=10.61
[FloodDataset] Loaded norm stats from data/sen1floods11/norm_stats.json
[FloodDataset] split=test chips=15 flood_ratio=0.159 pos_weight=5.30

DataLoaders ready:
  Train :  364 chips  (8 per batch)
  Val   :   67 chips
  Test  :   15 chips  в†ђ Bolivia OOD holdout
Built Variant D: {'total': 24476093, 'trainable': 24476093, 'encoder': 21281536, 'decoder': 3194557}
TensorBoard: tensorboard --logdir checkpoints/variant_D/runs


[Epoch 001/050]
  Train  loss=1.8062  iou=0.2908
  Val    loss=1.0434    iou=0.2781
  LR     1.00e-04
  вњ“ New best IoU: 0.2781

[Epoch 002/050]
  Train  loss=1.5658  iou=0.5821
  Val    loss=1.0095    iou=0.3063
  LR     9.99e-05
  вњ“ New best IoU: 0.3063

[Epoch 003/050]
  Train  loss=1.6045  iou=0.6470
  Val    loss=0.9953    iou=0.3362
  LR     9.96e-05
  вњ“ New best IoU: 0.3362

[Epoch 004/050]
  Train  loss=1.4847  iou=0.7064
  Val    loss=0.9831    iou=0.2666
  LR     9.91e-05

[Epoch 005/050]
  Train  loss=1.3997  iou=0.6931
  Val    loss=0.9290    iou=0.3287
  LR     9.84e-05

[Epoch 006/050]
  Train  loss=1.2404  iou=0.7027
  Val    loss=0.9053    iou=0.3136
  LR     9.76e-05

[Epoch 007/050]
  Train  loss=1.2205  iou=0.7142
  Val    loss=0.8856    iou=0.2861
  LR     9.65e-05

[Epoch 008/050]
  Train  loss=1.2035  iou=0.7119
  Val    loss=0.8420    iou=0.3009
  LR     9.53e-05

[Epoch 009/050]
  Train  loss=1.0549  iou=0.7022
  Val    loss=0.8436    iou=0.2903
  LR     9.39e-05

[Epoch 010/050]
  Train  loss=0.9754  iou=0.6731
  Val    loss=0.8480    iou=0.2061
  LR     9.23e-05

[Epoch 011/050]
  Train  loss=0.9553  iou=0.6845
  Val    loss=0.8138    iou=0.2907
  LR     9.05e-05

[Epoch 012/050]
  Train  loss=0.8538  iou=0.6655
  Val    loss=0.8000    iou=0.3016
  LR     8.86e-05

[Epoch 013/050]
  Train  loss=0.8208  iou=0.6958
  Val    loss=0.7850    iou=0.2828
  LR     8.66e-05

Early stopping (patience=10)

============================================================
  Done. Best val IoU: 0.3362
  Checkpoints: checkpoints/variant_D
============================================================

=== JOB DONE ===
Thu Mar  5 09:16:30 PM EST 2026
