=== JOB START ===
dkucc-core-gpu-dkurc-a-it08-28.rc.duke.edu
Sat Mar  7 12:28:04 PM EST 2026
CUDA_VISIBLE_DEVICES=0
PWD=/dkucc/home/bd159/terrainflood
=== PIPELINE AUDIT ===
============================================================
  TerrainFlood-UQ  —  Pipeline Audit
  data_root = data/sen1floods11
============================================================

────────────────────────────────────────────────────────────
  A. Dataset Discovery
────────────────────────────────────────────────────────────
[FloodDataset] Loaded norm stats from data/sen1floods11/norm_stats.json
[FloodDataset] split=train chips=364 flood_ratio=0.066 pos_weight=14.18
  [[32mPASS[0m] train   364 chips
         OK  event=Ghana            chip=Ghana_103272
         OK  event=Ghana            chip=Ghana_1033830
         OK  event=Ghana            chip=Ghana_1078550
[FloodDataset] Loaded norm stats from data/sen1floods11/norm_stats.json
[FloodDataset] split=val chips=67 flood_ratio=0.086 pos_weight=10.61
  [[32mPASS[0m] val      67 chips
         OK  event=Paraguay         chip=Paraguay_1019808
         OK  event=Paraguay         chip=Paraguay_1029042
         OK  event=Paraguay         chip=Paraguay_1029191
[FloodDataset] Loaded norm stats from data/sen1floods11/norm_stats.json
[FloodDataset] split=test chips=15 flood_ratio=0.159 pos_weight=5.30
  [[32mPASS[0m] test     15 chips
         OK  event=Bolivia          chip=Bolivia_103757
         OK  event=Bolivia          chip=Bolivia_129334
         OK  event=Bolivia          chip=Bolivia_195474
  [[32mPASS[0m] Total chips: 446

────────────────────────────────────────────────────────────
  B. Split Mapping
────────────────────────────────────────────────────────────

  Events in dataset: {'USA': 69, 'India': 68, 'Paraguay': 67, 'Ghana': 53, 'Sri-Lanka': 42, 'Spain': 30, 'Mekong': 30, 'Pakistan': 28, 'Somalia': 26, 'Nigeria': 18, 'Bolivia': 15}
  Events in SPLIT_MAP: ['Bolivia', 'Cambodia', 'Canada', 'DemRepCongo', 'Ecuador', 'Ghana', 'India', 'Mekong', 'Nigeria', 'Pakistan', 'Paraguay', 'Somalia', 'Spain', 'Sri-Lanka', 'USA']

  [[32mPASS[0m] All disk events are in SPLIT_MAP
[FloodDataset] Loaded norm stats from data/sen1floods11/norm_stats.json
[FloodDataset] split=train chips=364 flood_ratio=0.066 pos_weight=14.18
[FloodDataset] Loaded norm stats from data/sen1floods11/norm_stats.json
[FloodDataset] split=val chips=67 flood_ratio=0.086 pos_weight=10.61
[FloodDataset] Loaded norm stats from data/sen1floods11/norm_stats.json
[FloodDataset] split=test chips=15 flood_ratio=0.159 pos_weight=5.30
  [[32mPASS[0m] train ∩ val = ∅  (no leakage)
  [[32mPASS[0m] train ∩ test = ∅  (no leakage)
  [[32mPASS[0m] val ∩ test = ∅  (no leakage)
  [[32mPASS[0m] Bolivia NOT in train
  [[32mPASS[0m] Bolivia NOT in val
  [[32mPASS[0m] Bolivia in test: 15 chips

  train (364 chips): {'USA': 69, 'India': 68, 'Ghana': 53, 'Sri-Lanka': 42, 'Mekong': 30, 'Spain': 30, 'Pakistan': 28, 'Somalia': 26, 'Nigeria': 18}

  val (67 chips): {'Paraguay': 67}

  test (15 chips): {'Bolivia': 15}

────────────────────────────────────────────────────────────
  C. Label Distribution
────────────────────────────────────────────────────────────
[FloodDataset] Loaded norm stats from data/sen1floods11/norm_stats.json
[FloodDataset] split=train chips=364 flood_ratio=0.066 pos_weight=14.18

  Sample: 100 chips from train split
  Total valid pixels    : 19,478,962
  Flood pixels (label=1): 1,779,125  (9.13%)
  Ignore pixels (=-1)   : 6,735,438  (25.69%)
  Perm. water (label=2) : 0
  Chips with any flood  : 72/100
  [[32mPASS[0m] Flood pixel ratio = 0.0913  (72/100 chips contain flood)
  [[32mPASS[0m] Ignore pixel ratio = 0.2569  (reasonable)

  Checking unique label values (first 100 chips)...
  [[32mPASS[0m] Label values present: [-1, 0, 1]

────────────────────────────────────────────────────────────
  D. IoU Function Unit Tests
────────────────────────────────────────────────────────────
  [[32mPASS[0m] Perfect prediction IoU = 1.0000  (expected 1.0)
  [[32mPASS[0m] All-zero prediction IoU = 0.0000  (expected 0.0)
  [[32mPASS[0m] Ignore mask IoU = 0.5000  (expected 0.5000)
  [[32mPASS[0m] All-ignore labels IoU = 0.0000  (no crash, returns 0)

  [Skipped] E. Validation loop (--skip_val_loop)

  [Skipped] F. Sampler check (--skip_sampler)

============================================================
  AUDIT PASSED  —  all checks OK
============================================================
=== AUDIT PASSED — STARTING TRAINING ===
