=== JOB START ===
dkucc-core-gpu-dkurc-a-it08-28.rc.duke.edu
Thu Mar  5 02:20:55 PM EST 2026
CUDA_VISIBLE_DEVICES=0
PWD=/dkucc/home/bd159/terrainflood
=== PIPELINE AUDIT ===
============================================================
  TerrainFlood-UQ  —  Pipeline Audit
  data_root = data/sen1floods11
============================================================

────────────────────────────────────────────────────────────
  A. Dataset Discovery
────────────────────────────────────────────────────────────
[FloodDataset] split=train chips=364 flood_ratio=0.066 pos_weight=14.18
  [[32mPASS[0m] train   364 chips
         OK  event=Ghana            chip=Ghana_103272
         OK  event=Ghana            chip=Ghana_1033830
         OK  event=Ghana            chip=Ghana_1078550
[FloodDataset] split=val chips=67 flood_ratio=0.086 pos_weight=10.61
  [[32mPASS[0m] val      67 chips
         OK  event=Paraguay         chip=Paraguay_1019808
         OK  event=Paraguay         chip=Paraguay_1029042
         OK  event=Paraguay         chip=Paraguay_1029191
[FloodDataset] split=test chips=15 flood_ratio=0.159 pos_weight=5.30
  [[32mPASS[0m] test     15 chips
         OK  event=Bolivia          chip=Bolivia_103757
         OK  event=Bolivia          chip=Bolivia_129334
         OK  event=Bolivia          chip=Bolivia_195474
  [[32mPASS[0m] Total chips: 446

────────────────────────────────────────────────────────────
  B. Split Mapping
────────────────────────────────────────────────────────────

  Events in dataset: {'USA': 69, 'India': 68, 'Paraguay': 67, 'Ghana': 53, 'Sri-Lanka': 42, 'Spain': 30, 'Mekong': 30, 'Pakistan': 28, 'Somalia': 26, 'Nigeria': 18, 'Bolivia': 15}
  Events in SPLIT_MAP: ['Bolivia', 'Cambodia', 'Canada', 'DemRepCongo', 'Ecuador', 'Ghana', 'India', 'Mekong', 'Nigeria', 'Pakistan', 'Paraguay', 'Somalia', 'Spain', 'Sri-Lanka', 'USA']

  [[32mPASS[0m] All disk events are in SPLIT_MAP
[FloodDataset] split=train chips=364 flood_ratio=0.066 pos_weight=14.18
[FloodDataset] split=val chips=67 flood_ratio=0.086 pos_weight=10.61
[FloodDataset] split=test chips=15 flood_ratio=0.159 pos_weight=5.30
  [[32mPASS[0m] train ∩ val = ∅  (no leakage)
  [[32mPASS[0m] train ∩ test = ∅  (no leakage)
  [[32mPASS[0m] val ∩ test = ∅  (no leakage)
  [[32mPASS[0m] Bolivia NOT in train
  [[32mPASS[0m] Bolivia NOT in val
  [[32mPASS[0m] Bolivia in test: 15 chips

  train (364 chips): {'USA': 69, 'India': 68, 'Ghana': 53, 'Sri-Lanka': 42, 'Mekong': 30, 'Spain': 30, 'Pakistan': 28, 'Somalia': 26, 'Nigeria': 18}

  val (67 chips): {'Paraguay': 67}

  test (15 chips): {'Bolivia': 15}

────────────────────────────────────────────────────────────
  C. Label Distribution
────────────────────────────────────────────────────────────
[FloodDataset] split=train chips=364 flood_ratio=0.066 pos_weight=14.18

  Sample: 100 chips from train split
  Total valid pixels    : 19,478,962
  Flood pixels (label=1): 1,779,125  (9.13%)
  Ignore pixels (=-1)   : 6,735,438  (25.69%)
  Perm. water (label=2) : 0
  Chips with any flood  : 72/100
  [[32mPASS[0m] Flood pixel ratio = 0.0913  (72/100 chips contain flood)
  [[32mPASS[0m] Ignore pixel ratio = 0.2569  (reasonable)

  Checking unique label values (first 100 chips)...
  [[32mPASS[0m] Label values present: [-1, 0, 1]

────────────────────────────────────────────────────────────
  D. IoU Function Unit Tests
────────────────────────────────────────────────────────────
  [[32mPASS[0m] Perfect prediction IoU = 1.0000  (expected 1.0)
  [[32mPASS[0m] All-zero prediction IoU = 0.0000  (expected 0.0)
  [[32mPASS[0m] Ignore mask IoU = 0.5000  (expected 0.5000)
  [[32mPASS[0m] All-ignore labels IoU = 0.0000  (no crash, returns 0)

  [Skipped] E. Validation loop (--skip_val_loop)

  [Skipped] F. Sampler check (--skip_sampler)

============================================================
  AUDIT PASSED  —  all checks OK
============================================================
=== AUDIT PASSED — STARTING TRAINING ===

============================================================
  TerrainFlood-UQ  |  Variant D  |  cuda
============================================================
  Output  : checkpoints/variant_D
  Data    : data/sen1floods11
{
  "variant": "D",
  "lr": 0.0001,
  "weight_decay": 0.0001,
  "epochs": 50,
  "batch_size": 8,
  "patch_size": 256,
  "loss_alpha": 0.5,
  "pos_weight": 10.0,
  "grad_clip": 1.0,
  "early_stopping_patience": 10,
  "seed": 42,
  "data_root": "data/sen1floods11"
}
============================================================

[FloodDataset] split=train chips=364 flood_ratio=0.066 pos_weight=14.18
[FloodDataset] split=val chips=67 flood_ratio=0.086 pos_weight=10.61
[FloodDataset] split=test chips=15 flood_ratio=0.159 pos_weight=5.30

DataLoaders ready:
  Train :  364 chips  (8 per batch)
  Val   :   67 chips
  Test  :   15 chips  ← Bolivia OOD holdout
Built Variant D: {'total': 24476093, 'trainable': 24476093, 'encoder': 21281536, 'decoder': 3194557}
TensorBoard: tensorboard --logdir checkpoints/variant_D/runs


[Epoch 001/050]
  Train  loss=1.8103  iou=0.2965
  Val    loss=1.0425    iou=0.2286
  LR     1.00e-04
  ✓ New best IoU: 0.2286

[Epoch 002/050]
  Train  loss=1.5662  iou=0.5795
  Val    loss=1.0073    iou=0.3173
  LR     9.99e-05
  ✓ New best IoU: 0.3173

[Epoch 003/050]
  Train  loss=1.6117  iou=0.6539
  Val    loss=1.0070    iou=0.2490
  LR     9.96e-05

[Epoch 004/050]
  Train  loss=1.5043  iou=0.7022
  Val    loss=0.9460    iou=0.3167
  LR     9.91e-05

[Epoch 005/050]
  Train  loss=1.4242  iou=0.6861
  Val    loss=0.9445    iou=0.3229
  LR     9.84e-05
  ✓ New best IoU: 0.3229

[Epoch 006/050]
  Train  loss=1.2619  iou=0.6910
  Val    loss=0.9155    iou=0.2850
  LR     9.76e-05

[Epoch 007/050]
  Train  loss=1.2558  iou=0.6962
  Val    loss=0.8932    iou=0.2572
  LR     9.65e-05

[Epoch 008/050]
  Train  loss=1.2387  iou=0.7007
  Val    loss=0.8699    iou=0.2623
  LR     9.53e-05

[Epoch 009/050]
  Train  loss=1.1003  iou=0.6849
  Val    loss=0.8250    iou=0.2678
  LR     9.39e-05

[Epoch 010/050]
  Train  loss=1.0049  iou=0.6682
  Val    loss=0.8242    iou=0.2843
  LR     9.23e-05

[Epoch 011/050]
  Train  loss=0.9858  iou=0.6772
  Val    loss=0.7817    iou=0.3089
  LR     9.05e-05

[Epoch 012/050]
  Train  loss=0.8795  iou=0.6453
  Val    loss=0.7997    iou=0.2798
  LR     8.86e-05

[Epoch 013/050]
  Train  loss=0.8434  iou=0.6814
  Val    loss=0.7695    iou=0.3121
  LR     8.66e-05

[Epoch 014/050]
  Train  loss=0.8252  iou=0.6584
  Val    loss=0.7904    iou=0.1849
  LR     8.44e-05

[Epoch 015/050]
  Train  loss=0.7817  iou=0.6650
  Val    loss=0.7477    iou=0.2515
  LR     8.21e-05

Early stopping (patience=10)

============================================================
  Done. Best val IoU: 0.3229
  Checkpoints: checkpoints/variant_D
============================================================

=== JOB DONE ===
Thu Mar  5 02:22:38 PM EST 2026
