=== JOB START ===
dkucc-core-gpu-dkurc-a-it08-22.rc.duke.edu
Sun Mar  8 04:51:41 AM EDT 2026
CUDA_VISIBLE_DEVICES=0
PWD=/dkucc/home/bd159/terrainflood
=== PIPELINE AUDIT ===
============================================================
  TerrainFlood-UQ  —  Pipeline Audit
  data_root = data/sen1floods11
============================================================

────────────────────────────────────────────────────────────
  A. Dataset Discovery
────────────────────────────────────────────────────────────
[FloodDataset] Loaded norm stats from data/sen1floods11/norm_stats.json
[FloodDataset] split=train chips=364 flood_ratio=0.066 pos_weight=14.18
  [[32mPASS[0m] train   364 chips
         OK  event=Ghana            chip=Ghana_103272
         OK  event=Ghana            chip=Ghana_1033830
         OK  event=Ghana            chip=Ghana_1078550
[FloodDataset] Loaded norm stats from data/sen1floods11/norm_stats.json
[FloodDataset] split=val chips=67 flood_ratio=0.086 pos_weight=10.61
  [[32mPASS[0m] val      67 chips
         OK  event=Paraguay         chip=Paraguay_1019808
         OK  event=Paraguay         chip=Paraguay_1029042
         OK  event=Paraguay         chip=Paraguay_1029191
[FloodDataset] Loaded norm stats from data/sen1floods11/norm_stats.json
[FloodDataset] split=test chips=15 flood_ratio=0.159 pos_weight=5.30
  [[32mPASS[0m] test     15 chips
         OK  event=Bolivia          chip=Bolivia_103757
         OK  event=Bolivia          chip=Bolivia_129334
         OK  event=Bolivia          chip=Bolivia_195474
  [[32mPASS[0m] Total chips: 446

────────────────────────────────────────────────────────────
  B. Split Mapping
────────────────────────────────────────────────────────────

  Events in dataset: {'USA': 69, 'India': 68, 'Paraguay': 67, 'Ghana': 53, 'Sri-Lanka': 42, 'Spain': 30, 'Mekong': 30, 'Pakistan': 28, 'Somalia': 26, 'Nigeria': 18, 'Bolivia': 15}
  Events in SPLIT_MAP: ['Bolivia', 'Cambodia', 'Canada', 'DemRepCongo', 'Ecuador', 'Ghana', 'India', 'Mekong', 'Nigeria', 'Pakistan', 'Paraguay', 'Somalia', 'Spain', 'Sri-Lanka', 'USA']

  [[32mPASS[0m] All disk events are in SPLIT_MAP
[FloodDataset] Loaded norm stats from data/sen1floods11/norm_stats.json
[FloodDataset] split=train chips=364 flood_ratio=0.066 pos_weight=14.18
[FloodDataset] Loaded norm stats from data/sen1floods11/norm_stats.json
[FloodDataset] split=val chips=67 flood_ratio=0.086 pos_weight=10.61
[FloodDataset] Loaded norm stats from data/sen1floods11/norm_stats.json
[FloodDataset] split=test chips=15 flood_ratio=0.159 pos_weight=5.30
  [[32mPASS[0m] train ∩ val = ∅  (no leakage)
  [[32mPASS[0m] train ∩ test = ∅  (no leakage)
  [[32mPASS[0m] val ∩ test = ∅  (no leakage)
  [[32mPASS[0m] Bolivia NOT in train
  [[32mPASS[0m] Bolivia NOT in val
  [[32mPASS[0m] Bolivia in test: 15 chips

  train (364 chips): {'USA': 69, 'India': 68, 'Ghana': 53, 'Sri-Lanka': 42, 'Mekong': 30, 'Spain': 30, 'Pakistan': 28, 'Somalia': 26, 'Nigeria': 18}

  val (67 chips): {'Paraguay': 67}

  test (15 chips): {'Bolivia': 15}

────────────────────────────────────────────────────────────
  C. Label Distribution
────────────────────────────────────────────────────────────
[FloodDataset] Loaded norm stats from data/sen1floods11/norm_stats.json
[FloodDataset] split=train chips=364 flood_ratio=0.066 pos_weight=14.18

  Sample: 100 chips from train split
  Total valid pixels    : 19,478,962
  Flood pixels (label=1): 1,779,125  (9.13%)
  Ignore pixels (=-1)   : 6,735,438  (25.69%)
  Perm. water (label=2) : 0
  Chips with any flood  : 72/100
  [[32mPASS[0m] Flood pixel ratio = 0.0913  (72/100 chips contain flood)
  [[32mPASS[0m] Ignore pixel ratio = 0.2569  (reasonable)

  Checking unique label values (first 100 chips)...
  [[32mPASS[0m] Label values present: [-1, 0, 1]

────────────────────────────────────────────────────────────
  D. IoU Function Unit Tests
────────────────────────────────────────────────────────────
  [[32mPASS[0m] Perfect prediction IoU = 1.0000  (expected 1.0)
  [[32mPASS[0m] All-zero prediction IoU = 0.0000  (expected 0.0)
  [[32mPASS[0m] Ignore mask IoU = 0.5000  (expected 0.5000)
  [[32mPASS[0m] All-ignore labels IoU = 0.0000  (no crash, returns 0)

  [Skipped] E. Validation loop (--skip_val_loop)

  [Skipped] F. Sampler check (--skip_sampler)

============================================================
  AUDIT PASSED  —  all checks OK
============================================================
=== AUDIT PASSED — STARTING TRAINING ===

============================================================
  TerrainFlood-UQ  |  Variant baseline_unet  |  cuda
============================================================
  Output  : checkpoints/variant_baseline_unet
  Data    : data/sen1floods11
{
  "variant": "baseline_unet",
  "lr": 0.0001,
  "weight_decay": 0.0001,
  "epochs": 50,
  "batch_size": 8,
  "patch_size": 256,
  "loss_type": "bce_dice",
  "loss_alpha": 0.5,
  "pos_weight": 10.0,
  "grad_clip": 1.0,
  "early_stopping_patience": 10,
  "seed": 42,
  "data_root": "data/sen1floods11",
  "permanent_water": "include"
}
============================================================

[FloodDataset] Loaded norm stats from data/sen1floods11/norm_stats.json
[FloodDataset] split=train chips=364 flood_ratio=0.066 pos_weight=14.18
[FloodDataset] Loaded norm stats from data/sen1floods11/norm_stats.json
[FloodDataset] split=val chips=67 flood_ratio=0.086 pos_weight=10.61
[FloodDataset] Loaded norm stats from data/sen1floods11/norm_stats.json
[FloodDataset] split=test chips=15 flood_ratio=0.159 pos_weight=5.30

DataLoaders ready:
  Train :  364 chips  (8 per batch)
  Val   :   67 chips
  Test  :   15 chips  ← Bolivia OOD holdout
Built Variant baseline_unet: {'total': 24341681, 'trainable': 24341681, 'encoder': 21281536, 'decoder': 3060145}
TensorBoard: tensorboard --logdir checkpoints/variant_baseline_unet/runs


[Epoch 001/050]
  Train  loss=1.3743  iou=0.3518
  Val    loss=1.0133    iou=0.0943
  LR     1.00e-04
  ✓ New best IoU: 0.0943

[Epoch 002/050]
  Train  loss=1.2192  iou=0.3542
  Val    loss=0.9873    iou=0.0943
  LR     9.99e-05

[Epoch 003/050]
  Train  loss=1.0713  iou=0.3366
  Val    loss=0.9507    iou=0.0943
  LR     9.96e-05

[Epoch 004/050]
  Train  loss=0.9926  iou=0.3637
  Val    loss=0.9497    iou=0.0943
  LR     9.91e-05

[Epoch 005/050]
  Train  loss=0.9158  iou=0.3745
  Val    loss=0.9144    iou=0.0943
  LR     9.84e-05

[Epoch 006/050]
  Train  loss=0.8580  iou=0.3892
  Val    loss=0.9199    iou=0.0943
  LR     9.76e-05

[Epoch 007/050]
  Train  loss=0.7793  iou=0.3654
  Val    loss=0.9006    iou=0.0943
  LR     9.65e-05

[Epoch 008/050]
  Train  loss=0.7823  iou=0.3306
  Val    loss=0.8966    iou=0.0943
  LR     9.53e-05

[Epoch 009/050]
  Train  loss=0.7330  iou=0.3592
  Val    loss=0.8870    iou=0.0943
  LR     9.39e-05

[Epoch 010/050]
  Train  loss=0.7338  iou=0.3535
  Val    loss=0.9597    iou=0.0943
  LR     9.23e-05
  ✓ New best IoU: 0.0943

[Epoch 011/050]
  Train  loss=0.7024  iou=0.3771
  Val    loss=0.8763    iou=0.0949
  LR     9.05e-05
  ✓ New best IoU: 0.0949

[Epoch 012/050]
  Train  loss=0.6990  iou=0.3489
  Val    loss=0.8511    iou=0.0958
  LR     8.86e-05
  ✓ New best IoU: 0.0958

[Epoch 013/050]
  Train  loss=0.6709  iou=0.3809
  Val    loss=0.9097    iou=0.0967
  LR     8.66e-05
  ✓ New best IoU: 0.0967

[Epoch 014/050]
  Train  loss=0.6750  iou=0.3931
  Val    loss=0.8788    iou=0.1030
  LR     8.44e-05
  ✓ New best IoU: 0.1030

[Epoch 015/050]
  Train  loss=0.6786  iou=0.3771
  Val    loss=0.8721    iou=0.1050
  LR     8.21e-05
  ✓ New best IoU: 0.1050

[Epoch 016/050]
  Train  loss=0.6494  iou=0.4409
  Val    loss=0.8654    iou=0.1290
  LR     7.96e-05
  ✓ New best IoU: 0.1290

[Epoch 017/050]
  Train  loss=0.6421  iou=0.4693
  Val    loss=0.8547    iou=0.1328
  LR     7.70e-05
  ✓ New best IoU: 0.1328

[Epoch 018/050]
  Train  loss=0.6156  iou=0.4799
  Val    loss=0.8507    iou=0.1484
  LR     7.43e-05
  ✓ New best IoU: 0.1484

[Epoch 019/050]
  Train  loss=0.6549  iou=0.4725
  Val    loss=0.8456    iou=0.1175
  LR     7.16e-05

[Epoch 020/050]
  Train  loss=0.6133  iou=0.5138
  Val    loss=0.8404    iou=0.1462
  LR     6.87e-05

[Epoch 021/050]
  Train  loss=0.6214  iou=0.5176
  Val    loss=0.8682    iou=0.1316
  LR     6.58e-05

[Epoch 022/050]
  Train  loss=0.6315  iou=0.4996
  Val    loss=0.8162    iou=0.1516
  LR     6.28e-05
  ✓ New best IoU: 0.1516

[Epoch 023/050]
  Train  loss=0.6238  iou=0.5330
  Val    loss=0.8597    iou=0.1379
  LR     5.98e-05

[Epoch 024/050]
  Train  loss=0.6260  iou=0.5603
  Val    loss=0.8149    iou=0.2109
  LR     5.67e-05
  ✓ New best IoU: 0.2109

[Epoch 025/050]
  Train  loss=0.5802  iou=0.6129
  Val    loss=0.8146    iou=0.2239
  LR     5.36e-05
  ✓ New best IoU: 0.2239

[Epoch 026/050]
  Train  loss=0.5875  iou=0.6203
  Val    loss=0.8719    iou=0.1892
  LR     5.05e-05

[Epoch 027/050]
  Train  loss=0.5855  iou=0.6155
  Val    loss=0.8374    iou=0.2075
  LR     4.74e-05

[Epoch 028/050]
  Train  loss=0.5854  iou=0.6397
  Val    loss=0.8037    iou=0.2235
  LR     4.43e-05

[Epoch 029/050]
  Train  loss=0.5642  iou=0.6483
  Val    loss=0.8108    iou=0.2635
  LR     4.12e-05
  ✓ New best IoU: 0.2635

[Epoch 030/050]
  Train  loss=0.6143  iou=0.5933
  Val    loss=0.8075    iou=0.2244
  LR     3.82e-05

[Epoch 031/050]
  Train  loss=0.5600  iou=0.6488
  Val    loss=0.7941    iou=0.2676
  LR     3.52e-05
  ✓ New best IoU: 0.2676

[Epoch 032/050]
  Train  loss=0.5578  iou=0.6451
  Val    loss=0.8267    iou=0.2245
  LR     3.23e-05

[Epoch 033/050]
  Train  loss=0.5511  iou=0.6560
  Val    loss=0.7850    iou=0.2547
  LR     2.94e-05

[Epoch 034/050]
  Train  loss=0.5799  iou=0.6183
  Val    loss=0.7877    iou=0.2370
  LR     2.67e-05

[Epoch 035/050]
  Train  loss=0.5512  iou=0.6453
  Val    loss=0.7877    iou=0.2474
  LR     2.40e-05

[Epoch 036/050]
  Train  loss=0.5267  iou=0.6950
  Val    loss=0.7955    iou=0.2594
  LR     2.14e-05

[Epoch 037/050]
  Train  loss=0.5316  iou=0.6537
  Val    loss=0.8025    iou=0.2372
  LR     1.89e-05

[Epoch 038/050]
  Train  loss=0.5156  iou=0.6833
  Val    loss=0.7809    iou=0.2783
  LR     1.66e-05
  ✓ New best IoU: 0.2783

[Epoch 039/050]
  Train  loss=0.5525  iou=0.6452
  Val    loss=0.7994    iou=0.2336
  LR     1.44e-05

[Epoch 040/050]
  Train  loss=0.5136  iou=0.7059
  Val    loss=0.7789    iou=0.2977
  LR     1.24e-05
  ✓ New best IoU: 0.2977

[Epoch 041/050]
  Train  loss=0.5226  iou=0.6685
  Val    loss=0.7871    iou=0.2688
  LR     1.05e-05

[Epoch 042/050]
  Train  loss=0.5257  iou=0.6734
  Val    loss=0.7929    iou=0.2506
  LR     8.71e-06

[Epoch 043/050]
  Train  loss=0.5180  iou=0.6816
  Val    loss=0.7997    iou=0.2678
  LR     7.12e-06

[Epoch 044/050]
  Train  loss=0.5376  iou=0.6539
  Val    loss=0.7949    iou=0.2650
  LR     5.71e-06

[Epoch 045/050]
  Train  loss=0.5169  iou=0.6810
  Val    loss=0.7991    iou=0.2514
  LR     4.48e-06

[Epoch 046/050]
  Train  loss=0.5462  iou=0.6418
  Val    loss=0.8182    iou=0.2456
  LR     3.42e-06

[Epoch 047/050]
  Train  loss=0.5277  iou=0.6539
  Val    loss=0.8014    iou=0.2431
  LR     2.56e-06

[Epoch 048/050]
  Train  loss=0.5345  iou=0.6532
  Val    loss=0.7943    iou=0.2615
  LR     1.88e-06

[Epoch 049/050]
  Train  loss=0.5592  iou=0.6226
  Val    loss=0.8081    iou=0.2420
  LR     1.39e-06

[Epoch 050/050]
  Train  loss=0.5306  iou=0.6538
  Val    loss=0.8115    iou=0.2427
  LR     1.10e-06

Early stopping (patience=10)

============================================================
  Done. Best val IoU: 0.2977
  Checkpoints: checkpoints/variant_baseline_unet
============================================================

=== JOB DONE ===
Sun Mar  8 04:59:41 AM EDT 2026
